<?xml version="1.0" encoding="UTF-8"?>
<testsuite name="test.java.CalculatorTest" tests="2" skipped="0" failures="0" errors="0" timestamp="2018-09-24T04:59:15" hostname="dell-PC" time="0.008">
  <properties/>
  <testcase name="addTestPositive" classname="test.java.CalculatorTest" time="0.007"/>
  <testcase name="addTestNegative" classname="test.java.CalculatorTest" time="0.0"/>
  <system-out><![CDATA[]]></system-out>
  <system-err><![CDATA[]]></system-err>
</testsuite>
