<?xml version="1.0" encoding="UTF-8"?>
<testsuite name="MemberTest" tests="2" skipped="0" failures="0" errors="0" timestamp="2019-03-18T03:37:58" hostname="dell-PC" time="0.008">
  <properties/>
  <testcase name="testReturn" classname="MemberTest" time="0.007"/>
  <testcase name="testSelect" classname="MemberTest" time="0.0"/>
  <system-out><![CDATA[]]></system-out>
  <system-err><![CDATA[]]></system-err>
</testsuite>
