<?xml version="1.0" encoding="UTF-8"?>
<testsuite name="ProductTest" tests="2" skipped="0" failures="0" errors="0" timestamp="2019-03-18T03:37:58" hostname="dell-PC" time="0.0">
  <properties/>
  <testcase name="productTestIllegalArgument" classname="ProductTest" time="0.0"/>
  <testcase name="getTest" classname="ProductTest" time="0.0"/>
  <system-out><![CDATA[]]></system-out>
  <system-err><![CDATA[]]></system-err>
</testsuite>
