<?xml version="1.0" encoding="UTF-8"?>
<testsuite name="au.edu.sydney.brawndo.erp.spfea.SPFEAFacadeImplTest" tests="104" skipped="0" failures="0" errors="0" timestamp="2019-04-14T13:46:21" hostname="DESKTOP-TSTP7IF" time="0.608">
  <properties/>
  <testcase name="testsetCustomerEmaildoubleNull" classname="au.edu.sydney.brawndo.erp.spfea.SPFEAFacadeImplTest" time="0.417"/>
  <testcase name="testaddCustomerNoAuth" classname="au.edu.sydney.brawndo.erp.spfea.SPFEAFacadeImplTest" time="0.001"/>
  <testcase name="testaddCustomerNormal" classname="au.edu.sydney.brawndo.erp.spfea.SPFEAFacadeImplTest" time="0.001"/>
  <testcase name="testPrefNormal1" classname="au.edu.sydney.brawndo.erp.spfea.SPFEAFacadeImplTest" time="0.008"/>
  <testcase name="testPrefNormal2" classname="au.edu.sydney.brawndo.erp.spfea.SPFEAFacadeImplTest" time="0.002"/>
  <testcase name="testPrefNormal3" classname="au.edu.sydney.brawndo.erp.spfea.SPFEAFacadeImplTest" time="0.003"/>
  <testcase name="testPrefNormal4" classname="au.edu.sydney.brawndo.erp.spfea.SPFEAFacadeImplTest" time="0.002"/>
  <testcase name="testPrefNormal5" classname="au.edu.sydney.brawndo.erp.spfea.SPFEAFacadeImplTest" time="0.002"/>
  <testcase name="testPrefNormal6" classname="au.edu.sydney.brawndo.erp.spfea.SPFEAFacadeImplTest" time="0.002"/>
  <testcase name="testPrefNormal7" classname="au.edu.sydney.brawndo.erp.spfea.SPFEAFacadeImplTest" time="0.002"/>
  <testcase name="testOrderNoEmailProvider" classname="au.edu.sydney.brawndo.erp.spfea.SPFEAFacadeImplTest" time="0.001"/>
  <testcase name="testAddTaskTimeNull" classname="au.edu.sydney.brawndo.erp.spfea.SPFEAFacadeImplTest" time="0.001"/>
  <testcase name="testPrefNoProvider" classname="au.edu.sydney.brawndo.erp.spfea.SPFEAFacadeImplTest" time="0.001"/>
  <testcase name="testaddCustomerEmptyfName" classname="au.edu.sydney.brawndo.erp.spfea.SPFEAFacadeImplTest" time="0.001"/>
  <testcase name="testaddCustomerEmptylName" classname="au.edu.sydney.brawndo.erp.spfea.SPFEAFacadeImplTest" time="0.001"/>
  <testcase name="testOrderProvider" classname="au.edu.sydney.brawndo.erp.spfea.SPFEAFacadeImplTest" time="0.054"/>
  <testcase name="testAddTaskLocationBad" classname="au.edu.sydney.brawndo.erp.spfea.SPFEAFacadeImplTest" time="0.017"/>
  <testcase name="testgetCustomerEmptyLName" classname="au.edu.sydney.brawndo.erp.spfea.SPFEAFacadeImplTest" time="0.001"/>
  <testcase name="testgetCustomerEmptyfName" classname="au.edu.sydney.brawndo.erp.spfea.SPFEAFacadeImplTest" time="0.002"/>
  <testcase name="testaddCustomerDup" classname="au.edu.sydney.brawndo.erp.spfea.SPFEAFacadeImplTest" time="0.001"/>
  <testcase name="testLoginEmptyName" classname="au.edu.sydney.brawndo.erp.spfea.SPFEAFacadeImplTest" time="0.0"/>
  <testcase name="testCompleteAlreadyComplete" classname="au.edu.sydney.brawndo.erp.spfea.SPFEAFacadeImplTest" time="0.001"/>
  <testcase name="testsetCustomerEmailNoAuth" classname="au.edu.sydney.brawndo.erp.spfea.SPFEAFacadeImplTest" time="0.002"/>
  <testcase name="testgetCustomerEmailNoProvider" classname="au.edu.sydney.brawndo.erp.spfea.SPFEAFacadeImplTest" time="0.001"/>
  <testcase name="testgetAllCustomerNoAuth" classname="au.edu.sydney.brawndo.erp.spfea.SPFEAFacadeImplTest" time="0.008"/>
  <testcase name="testgetAllCustomerNormal" classname="au.edu.sydney.brawndo.erp.spfea.SPFEAFacadeImplTest" time="0.001"/>
  <testcase name="testgetCustomerPhoneNoAuth" classname="au.edu.sydney.brawndo.erp.spfea.SPFEAFacadeImplTest" time="0.001"/>
  <testcase name="testgetCustomerPhoneNormal" classname="au.edu.sydney.brawndo.erp.spfea.SPFEAFacadeImplTest" time="0.0"/>
  <testcase name="testLoginTrue" classname="au.edu.sydney.brawndo.erp.spfea.SPFEAFacadeImplTest" time="0.0"/>
  <testcase name="testEmailProvider" classname="au.edu.sydney.brawndo.erp.spfea.SPFEAFacadeImplTest" time="0.002"/>
  <testcase name="testOrderQtylessTHan0" classname="au.edu.sydney.brawndo.erp.spfea.SPFEAFacadeImplTest" time="0.002"/>
  <testcase name="testOrderNoAuthProvider" classname="au.edu.sydney.brawndo.erp.spfea.SPFEAFacadeImplTest" time="0.001"/>
  <testcase name="testLoginNullAuth" classname="au.edu.sydney.brawndo.erp.spfea.SPFEAFacadeImplTest" time="0.001"/>
  <testcase name="testLoginNullName" classname="au.edu.sydney.brawndo.erp.spfea.SPFEAFacadeImplTest" time="0.0"/>
  <testcase name="testRemoveCustomerNoProvider" classname="au.edu.sydney.brawndo.erp.spfea.SPFEAFacadeImplTest" time="0.001"/>
  <testcase name="testsetCustomerEmailNotAT" classname="au.edu.sydney.brawndo.erp.spfea.SPFEAFacadeImplTest" time="0.001"/>
  <testcase name="testsetCustomerEmailNoProvider" classname="au.edu.sydney.brawndo.erp.spfea.SPFEAFacadeImplTest" time="0.001"/>
  <testcase name="testAddTaskNullProvider" classname="au.edu.sydney.brawndo.erp.spfea.SPFEAFacadeImplTest" time="0.0"/>
  <testcase name="testPrefAllNull" classname="au.edu.sydney.brawndo.erp.spfea.SPFEAFacadeImplTest" time="0.001"/>
  <testcase name="testgetCustomerNullLName" classname="au.edu.sydney.brawndo.erp.spfea.SPFEAFacadeImplTest" time="0.001"/>
  <testcase name="testPrefNoLog" classname="au.edu.sydney.brawndo.erp.spfea.SPFEAFacadeImplTest" time="0.001"/>
  <testcase name="testgetCustomerNullfName" classname="au.edu.sydney.brawndo.erp.spfea.SPFEAFacadeImplTest" time="0.001"/>
  <testcase name="testAddTaskCompleted" classname="au.edu.sydney.brawndo.erp.spfea.SPFEAFacadeImplTest" time="0.001"/>
  <testcase name="testLoginNullPassword" classname="au.edu.sydney.brawndo.erp.spfea.SPFEAFacadeImplTest" time="0.001"/>
  <testcase name="testaddCustomerNoProvider" classname="au.edu.sydney.brawndo.erp.spfea.SPFEAFacadeImplTest" time="0.001"/>
  <testcase name="testgetCustomerNoAuth" classname="au.edu.sydney.brawndo.erp.spfea.SPFEAFacadeImplTest" time="0.001"/>
  <testcase name="testgetCustomerNoName" classname="au.edu.sydney.brawndo.erp.spfea.SPFEAFacadeImplTest" time="0.001"/>
  <testcase name="testgetCustomerNormal" classname="au.edu.sydney.brawndo.erp.spfea.SPFEAFacadeImplTest" time="0.001"/>
  <testcase name="testLifeTimemult" classname="au.edu.sydney.brawndo.erp.spfea.SPFEAFacadeImplTest" time="0.002"/>
  <testcase name="testSetCustomerEmailNormal" classname="au.edu.sydney.brawndo.erp.spfea.SPFEAFacadeImplTest" time="0.001"/>
  <testcase name="testLoginEmptyPassword" classname="au.edu.sydney.brawndo.erp.spfea.SPFEAFacadeImplTest" time="0.001"/>
  <testcase name="testgetCustomerNoProvider" classname="au.edu.sydney.brawndo.erp.spfea.SPFEAFacadeImplTest" time="0.001"/>
  <testcase name="testAddTaskTimeBefore" classname="au.edu.sydney.brawndo.erp.spfea.SPFEAFacadeImplTest" time="0.0"/>
  <testcase name="testLoginAlready" classname="au.edu.sydney.brawndo.erp.spfea.SPFEAFacadeImplTest" time="0.001"/>
  <testcase name="testsetCustomerEmailNoID" classname="au.edu.sydney.brawndo.erp.spfea.SPFEAFacadeImplTest" time="0.0"/>
  <testcase name="testOrderNoPrintProvider" classname="au.edu.sydney.brawndo.erp.spfea.SPFEAFacadeImplTest" time="0.001"/>
  <testcase name="testOrderNoLog" classname="au.edu.sydney.brawndo.erp.spfea.SPFEAFacadeImplTest" time="0.001"/>
  <testcase name="testFaxProvider" classname="au.edu.sydney.brawndo.erp.spfea.SPFEAFacadeImplTest" time="0.001"/>
  <testcase name="testgetAllTasksMatch" classname="au.edu.sydney.brawndo.erp.spfea.SPFEAFacadeImplTest" time="0.001"/>
  <testcase name="testgetAllTasksNullProvider" classname="au.edu.sydney.brawndo.erp.spfea.SPFEAFacadeImplTest" time="0.001"/>
  <testcase name="testsetCustomerPhoneNoAuth" classname="au.edu.sydney.brawndo.erp.spfea.SPFEAFacadeImplTest" time="0.001"/>
  <testcase name="testOrderNoID" classname="au.edu.sydney.brawndo.erp.spfea.SPFEAFacadeImplTest" time="0.001"/>
  <testcase name="testOrderQty0" classname="au.edu.sydney.brawndo.erp.spfea.SPFEAFacadeImplTest" time="0.001"/>
  <testcase name="testAddTaskLocationGood" classname="au.edu.sydney.brawndo.erp.spfea.SPFEAFacadeImplTest" time="0.001"/>
  <testcase name="testsetCustomerPhonedoubleNull" classname="au.edu.sydney.brawndo.erp.spfea.SPFEAFacadeImplTest" time="0.001"/>
  <testcase name="testLifeTime0" classname="au.edu.sydney.brawndo.erp.spfea.SPFEAFacadeImplTest" time="0.001"/>
  <testcase name="testLifeTime1" classname="au.edu.sydney.brawndo.erp.spfea.SPFEAFacadeImplTest" time="0.001"/>
  <testcase name="testSetTodoProvider" classname="au.edu.sydney.brawndo.erp.spfea.SPFEAFacadeImplTest" time="0.0"/>
  <testcase name="testgetCustomerEmailNoID" classname="au.edu.sydney.brawndo.erp.spfea.SPFEAFacadeImplTest" time="0.001"/>
  <testcase name="testRemoveCustomerNoLog" classname="au.edu.sydney.brawndo.erp.spfea.SPFEAFacadeImplTest" time="0.001"/>
  <testcase name="testgetCustomerNoLog" classname="au.edu.sydney.brawndo.erp.spfea.SPFEAFacadeImplTest" time="0.0"/>
  <testcase name="testOrderNoAuth" classname="au.edu.sydney.brawndo.erp.spfea.SPFEAFacadeImplTest" time="0.001"/>
  <testcase name="testOrderNormal" classname="au.edu.sydney.brawndo.erp.spfea.SPFEAFacadeImplTest" time="0.002"/>
  <testcase name="testgetCustomerEmailNoLog" classname="au.edu.sydney.brawndo.erp.spfea.SPFEAFacadeImplTest" time="0.0"/>
  <testcase name="testRemoveCustomerNoAuth" classname="au.edu.sydney.brawndo.erp.spfea.SPFEAFacadeImplTest" time="0.001"/>
  <testcase name="testRemoveCustomerNormal" classname="au.edu.sydney.brawndo.erp.spfea.SPFEAFacadeImplTest" time="0.001"/>
  <testcase name="testPrintProvider" classname="au.edu.sydney.brawndo.erp.spfea.SPFEAFacadeImplTest" time="0.001"/>
  <testcase name="testSetCustomerEmailNoLog" classname="au.edu.sydney.brawndo.erp.spfea.SPFEAFacadeImplTest" time="0.001"/>
  <testcase name="testSetAuthProvider" classname="au.edu.sydney.brawndo.erp.spfea.SPFEAFacadeImplTest" time="0.001"/>
  <testcase name="testsetCustomerPhoneNoID" classname="au.edu.sydney.brawndo.erp.spfea.SPFEAFacadeImplTest" time="0.001"/>
  <testcase name="testCompleteNullProvider" classname="au.edu.sydney.brawndo.erp.spfea.SPFEAFacadeImplTest" time="0.001"/>
  <testcase name="testSetCustomerPhoneNormal" classname="au.edu.sydney.brawndo.erp.spfea.SPFEAFacadeImplTest" time="0.0"/>
  <testcase name="testLogoutAlready" classname="au.edu.sydney.brawndo.erp.spfea.SPFEAFacadeImplTest" time="0.0"/>
  <testcase name="testLifeTimeNoAuth" classname="au.edu.sydney.brawndo.erp.spfea.SPFEAFacadeImplTest" time="0.001"/>
  <testcase name="testgetCustomerPhoneNoProvider" classname="au.edu.sydney.brawndo.erp.spfea.SPFEAFacadeImplTest" time="0.001"/>
  <testcase name="testgetAllCustomerNoLog" classname="au.edu.sydney.brawndo.erp.spfea.SPFEAFacadeImplTest" time="0.001"/>
  <testcase name="testaddCustomerNullfName" classname="au.edu.sydney.brawndo.erp.spfea.SPFEAFacadeImplTest" time="0.0"/>
  <testcase name="testaddCustomerNulllName" classname="au.edu.sydney.brawndo.erp.spfea.SPFEAFacadeImplTest" time="0.001"/>
  <testcase name="testPrefNoAuth" classname="au.edu.sydney.brawndo.erp.spfea.SPFEAFacadeImplTest" time="0.001"/>
  <testcase name="testCompleteNoMatching" classname="au.edu.sydney.brawndo.erp.spfea.SPFEAFacadeImplTest" time="0.0"/>
  <testcase name="testgetCustomerPhoneNoID" classname="au.edu.sydney.brawndo.erp.spfea.SPFEAFacadeImplTest" time="0.001"/>
  <testcase name="testLifeTimeNoAuthProvider" classname="au.edu.sydney.brawndo.erp.spfea.SPFEAFacadeImplTest" time="0.001"/>
  <testcase name="testLifeTimeNoLog" classname="au.edu.sydney.brawndo.erp.spfea.SPFEAFacadeImplTest" time="0.0"/>
  <testcase name="testsetCustomerPhoneNoProvider" classname="au.edu.sydney.brawndo.erp.spfea.SPFEAFacadeImplTest" time="0.001"/>
  <testcase name="testLoginFalse" classname="au.edu.sydney.brawndo.erp.spfea.SPFEAFacadeImplTest" time="0.0"/>
  <testcase name="testRemoveCustomerNoID" classname="au.edu.sydney.brawndo.erp.spfea.SPFEAFacadeImplTest" time="0.001"/>
  <testcase name="testgetCustomerEmailNoAuth" classname="au.edu.sydney.brawndo.erp.spfea.SPFEAFacadeImplTest" time="0.001"/>
  <testcase name="testgetCustomerEmailNormal" classname="au.edu.sydney.brawndo.erp.spfea.SPFEAFacadeImplTest" time="0.001"/>
  <testcase name="testaddCustomerNoLog" classname="au.edu.sydney.brawndo.erp.spfea.SPFEAFacadeImplTest" time="0.0"/>
  <testcase name="testsetCustomerPhoneNotNumber" classname="au.edu.sydney.brawndo.erp.spfea.SPFEAFacadeImplTest" time="0.001"/>
  <testcase name="testgetAllCustomerNoProvider" classname="au.edu.sydney.brawndo.erp.spfea.SPFEAFacadeImplTest" time="0.001"/>
  <testcase name="testOrderNoFaxProvider" classname="au.edu.sydney.brawndo.erp.spfea.SPFEAFacadeImplTest" time="0.001"/>
  <testcase name="testgetCustomerPhoneNoLog" classname="au.edu.sydney.brawndo.erp.spfea.SPFEAFacadeImplTest" time="0.001"/>
  <testcase name="testSetCustomerPhoneNoLog" classname="au.edu.sydney.brawndo.erp.spfea.SPFEAFacadeImplTest" time="0.0"/>
  <system-out><![CDATA[]]></system-out>
  <system-err><![CDATA[]]></system-err>
</testsuite>
