<?xml version="1.0" encoding="UTF-8"?>
<testsuite name="au.edu.sydney.brawndo.erp.spfea.SPFEAFacadeImplTest" tests="1" skipped="0" failures="0" errors="0" timestamp="2019-04-13T06:51:59" hostname="dell-PC" time="0.002">
  <properties/>
  <testcase name="testAdd" classname="au.edu.sydney.brawndo.erp.spfea.SPFEAFacadeImplTest" time="0.002"/>
  <system-out><![CDATA[]]></system-out>
  <system-err><![CDATA[]]></system-err>
</testsuite>
