<?xml version="1.0" encoding="UTF-8"?>
<testsuite name="au.edu.sydney.brawndo.erp.spfea.AllowedScopeTest" tests="22" skipped="0" failures="0" errors="0" timestamp="2019-05-18T19:33:07" hostname="DESKTOP-TSTP7IF" time="54.011">
  <properties/>
  <testcase name="testOrderBusinessBulkSub" classname="au.edu.sydney.brawndo.erp.spfea.AllowedScopeTest" time="0.789"/>
  <testcase name="testOrderBusinessFlat" classname="au.edu.sydney.brawndo.erp.spfea.AllowedScopeTest" time="0.004"/>
  <testcase name="testOrderPersonalFlatSub" classname="au.edu.sydney.brawndo.erp.spfea.AllowedScopeTest" time="0.007"/>
  <testcase name="testOrderBusinessBulk" classname="au.edu.sydney.brawndo.erp.spfea.AllowedScopeTest" time="0.003"/>
  <testcase name="testOrderBusinessFlatSub" classname="au.edu.sydney.brawndo.erp.spfea.AllowedScopeTest" time="0.004"/>
  <testcase name="testOrderPersonalBulk" classname="au.edu.sydney.brawndo.erp.spfea.AllowedScopeTest" time="0.004"/>
  <testcase name="testOrderPersonalBulkSub" classname="au.edu.sydney.brawndo.erp.spfea.AllowedScopeTest" time="0.004"/>
  <testcase name="getOrderShortDesc" classname="au.edu.sydney.brawndo.erp.spfea.AllowedScopeTest" time="0.014"/>
  <testcase name="getKnownContactMethods" classname="au.edu.sydney.brawndo.erp.spfea.AllowedScopeTest" time="0.003"/>
  <testcase name="testOrderPersonalFlat" classname="au.edu.sydney.brawndo.erp.spfea.AllowedScopeTest" time="0.003"/>
  <testcase name="getOrderTotalCost" classname="au.edu.sydney.brawndo.erp.spfea.AllowedScopeTest" time="0.001"/>
  <testcase name="getAllCustomerIDs" classname="au.edu.sydney.brawndo.erp.spfea.AllowedScopeTest" time="0.001"/>
  <testcase name="login" classname="au.edu.sydney.brawndo.erp.spfea.AllowedScopeTest" time="0.002"/>
  <testcase name="getAllOrders" classname="au.edu.sydney.brawndo.erp.spfea.AllowedScopeTest" time="0.001"/>
  <testcase name="removeOrder" classname="au.edu.sydney.brawndo.erp.spfea.AllowedScopeTest" time="0.002"/>
  <testcase name="logout" classname="au.edu.sydney.brawndo.erp.spfea.AllowedScopeTest" time="0.002"/>
  <testcase name="createOrder" classname="au.edu.sydney.brawndo.erp.spfea.AllowedScopeTest" time="0.002"/>
  <testcase name="getAllProducts" classname="au.edu.sydney.brawndo.erp.spfea.AllowedScopeTest" time="53.142"/>
  <testcase name="getCustomer" classname="au.edu.sydney.brawndo.erp.spfea.AllowedScopeTest" time="0.004"/>
  <testcase name="orderLineSet" classname="au.edu.sydney.brawndo.erp.spfea.AllowedScopeTest" time="0.002"/>
  <testcase name="finaliseOrder" classname="au.edu.sydney.brawndo.erp.spfea.AllowedScopeTest" time="0.009"/>
  <testcase name="getOrderLongDesc" classname="au.edu.sydney.brawndo.erp.spfea.AllowedScopeTest" time="0.002"/>
  <system-out><![CDATA[]]></system-out>
  <system-err><![CDATA[]]></system-err>
</testsuite>
